
*** Running vivado
    with args -log top_module.vds -m64 -product Vivado -mode batch -messageDb vivado.pb -notrace -source top_module.tcl



****** Vivado v2025.2 (64-bit)
  **** SW Build 6299465 on Fri Nov 14 19:35:11 GMT 2025
  **** IP Build 6300035 on Fri Nov 14 10:48:45 MST 2025
  **** SharedData Build 6298862 on Thu Nov 13 04:50:51 MST 2025
  **** Start of session at: Fri May  8 13:58:15 2026
    ** Copyright 1986-2022 Xilinx, Inc. All Rights Reserved.
    ** Copyright 2022-2025 Advanced Micro Devices, Inc. All Rights Reserved.

source top_module.tcl -notrace
create_project: Time (s): cpu = 00:00:09 ; elapsed = 00:00:06 . Memory (MB): peak = 530.074 ; gain = 221.344
Command: read_checkpoint -auto_incremental -incremental C:/Users/cioco/Documents/locker/locker.srcs/utils_1/imports/synth_1/top_module.dcp
INFO: [Vivado 12-5825] Read reference checkpoint from C:/Users/cioco/Documents/locker/locker.srcs/utils_1/imports/synth_1/top_module.dcp for incremental synthesis
INFO: [Vivado 12-7989] Please ensure there are no constraint changes
Command: synth_design -top top_module -part xc7a100tcsg324-1
Starting synth_design
Attempting to get a license for feature 'Synthesis' and/or device 'xc7a100t'
INFO: [Common 17-349] Got license for feature 'Synthesis' and/or device 'xc7a100t'
INFO: [Device 21-403] Loading part xc7a100tcsg324-1
INFO: [Designutils 20-5440] No compile time benefit to using incremental synthesis; A full resynthesis will be run
INFO: [Designutils 20-4379] Flow is switching to default flow due to incremental criteria not met. If you would like to alter this behaviour and have the flow terminate instead, please set the following parameter config_implementation {autoIncr.Synth.RejectBehavior Terminate}
INFO: [Synth 8-7079] Multithreading enabled for synth_design using a maximum of 2 processes.
INFO: [Synth 8-7078] Launching helper process for spawning children vivado processes
INFO: [Synth 8-7075] Helper process launched with PID 19544
---------------------------------------------------------------------------------
Starting RTL Elaboration : Time (s): cpu = 00:00:05 ; elapsed = 00:00:06 . Memory (MB): peak = 1278.836 ; gain = 542.574
---------------------------------------------------------------------------------
INFO: [Synth 8-638] synthesizing module 'top_module' [C:/Users/cioco/Documents/locker/locker.srcs/sources_1/new/top_module.vhd:23]
INFO: [Synth 8-3491] module 'clk_div' declared at 'C:/Users/cioco/Documents/locker/locker.srcs/sources_1/new/clk_div.vhd:5' bound to instance 'Inst_Clock_Divider' of component 'clk_div' [C:/Users/cioco/Documents/locker/locker.srcs/sources_1/new/top_module.vhd:86]
INFO: [Synth 8-638] synthesizing module 'clk_div' [C:/Users/cioco/Documents/locker/locker.srcs/sources_1/new/clk_div.vhd:13]
INFO: [Synth 8-256] done synthesizing module 'clk_div' (0#1) [C:/Users/cioco/Documents/locker/locker.srcs/sources_1/new/clk_div.vhd:13]
INFO: [Synth 8-3491] module 'debouncer' declared at 'C:/Users/cioco/Documents/locker/locker.srcs/sources_1/new/debouncer.vhd:4' bound to instance 'Inst_Debounce_Scroll' of component 'debouncer' [C:/Users/cioco/Documents/locker/locker.srcs/sources_1/new/top_module.vhd:93]
INFO: [Synth 8-638] synthesizing module 'debouncer' [C:/Users/cioco/Documents/locker/locker.srcs/sources_1/new/debouncer.vhd:14]
INFO: [Synth 8-256] done synthesizing module 'debouncer' (0#1) [C:/Users/cioco/Documents/locker/locker.srcs/sources_1/new/debouncer.vhd:14]
INFO: [Synth 8-3491] module 'debouncer' declared at 'C:/Users/cioco/Documents/locker/locker.srcs/sources_1/new/debouncer.vhd:4' bound to instance 'Inst_Debounce_OK' of component 'debouncer' [C:/Users/cioco/Documents/locker/locker.srcs/sources_1/new/top_module.vhd:102]
INFO: [Synth 8-3491] module 'keypad_scanner' declared at 'C:/Users/cioco/Documents/locker/locker.srcs/sources_1/new/keypad_scanner.vhd:4' bound to instance 'Inst_Keypad' of component 'keypad_scanner' [C:/Users/cioco/Documents/locker/locker.srcs/sources_1/new/top_module.vhd:111]
INFO: [Synth 8-638] synthesizing module 'keypad_scanner' [C:/Users/cioco/Documents/locker/locker.srcs/sources_1/new/keypad_scanner.vhd:16]
INFO: [Synth 8-256] done synthesizing module 'keypad_scanner' (0#1) [C:/Users/cioco/Documents/locker/locker.srcs/sources_1/new/keypad_scanner.vhd:16]
INFO: [Synth 8-3491] module 'display_driver' declared at 'C:/Users/cioco/Documents/locker/locker.srcs/sources_1/new/display_driver.vhd:5' bound to instance 'Inst_Display' of component 'display_driver' [C:/Users/cioco/Documents/locker/locker.srcs/sources_1/new/top_module.vhd:122]
INFO: [Synth 8-638] synthesizing module 'display_driver' [C:/Users/cioco/Documents/locker/locker.srcs/sources_1/new/display_driver.vhd:22]
INFO: [Synth 8-226] default block is never used [C:/Users/cioco/Documents/locker/locker.srcs/sources_1/new/display_driver.vhd:55]
INFO: [Synth 8-226] default block is never used [C:/Users/cioco/Documents/locker/locker.srcs/sources_1/new/display_driver.vhd:94]
INFO: [Synth 8-256] done synthesizing module 'display_driver' (0#1) [C:/Users/cioco/Documents/locker/locker.srcs/sources_1/new/display_driver.vhd:22]
INFO: [Synth 8-3491] module 'main_fsm' declared at 'C:/Users/cioco/Documents/locker/locker.srcs/sources_1/new/main_fsm.vhd:5' bound to instance 'Inst_FSM' of component 'main_fsm' [C:/Users/cioco/Documents/locker/locker.srcs/sources_1/new/top_module.vhd:136]
INFO: [Synth 8-638] synthesizing module 'main_fsm' [C:/Users/cioco/Documents/locker/locker.srcs/sources_1/new/main_fsm.vhd:29]
INFO: [Synth 8-256] done synthesizing module 'main_fsm' (0#1) [C:/Users/cioco/Documents/locker/locker.srcs/sources_1/new/main_fsm.vhd:29]
INFO: [Synth 8-256] done synthesizing module 'top_module' (0#1) [C:/Users/cioco/Documents/locker/locker.srcs/sources_1/new/top_module.vhd:23]
---------------------------------------------------------------------------------
Finished RTL Elaboration : Time (s): cpu = 00:00:07 ; elapsed = 00:00:08 . Memory (MB): peak = 1402.840 ; gain = 666.578
---------------------------------------------------------------------------------
---------------------------------------------------------------------------------
Start Handling Custom Attributes
---------------------------------------------------------------------------------
---------------------------------------------------------------------------------
Finished Handling Custom Attributes : Time (s): cpu = 00:00:07 ; elapsed = 00:00:08 . Memory (MB): peak = 1402.840 ; gain = 666.578
---------------------------------------------------------------------------------
---------------------------------------------------------------------------------
Finished RTL Optimization Phase 1 : Time (s): cpu = 00:00:07 ; elapsed = 00:00:08 . Memory (MB): peak = 1402.840 ; gain = 666.578
---------------------------------------------------------------------------------
Netlist sorting complete. Time (s): cpu = 00:00:00 ; elapsed = 00:00:00.010 . Memory (MB): peak = 1402.840 ; gain = 0.000
INFO: [Project 1-570] Preparing netlist for logic optimization

Processing XDC Constraints
Initializing timing engine
Parsing XDC File [C:/Users/cioco/Desktop/dsd/Nexys-4-DDR-Master.xdc]
Finished Parsing XDC File [C:/Users/cioco/Desktop/dsd/Nexys-4-DDR-Master.xdc]
INFO: [Project 1-236] Implementation specific constraints were found while reading constraint file [C:/Users/cioco/Desktop/dsd/Nexys-4-DDR-Master.xdc]. These constraints will be ignored for synthesis but will be used in implementation. Impacted constraints are listed in the file [.Xil/top_module_propImpl.xdc].
Resolution: To avoid this warning, move constraints listed in [.Xil/top_module_propImpl.xdc] to another XDC file and exclude this new file from synthesis with the used_in_synthesis property (File Properties dialog in GUI) and re-run elaboration/synthesis.
Completed Processing XDC Constraints

Netlist sorting complete. Time (s): cpu = 00:00:00 ; elapsed = 00:00:00 . Memory (MB): peak = 1483.738 ; gain = 0.000
INFO: [Project 1-111] Unisim Transformation Summary:
No Unisim elements were transformed.

Constraint Validation Runtime : Time (s): cpu = 00:00:00 ; elapsed = 00:00:00.010 . Memory (MB): peak = 1483.738 ; gain = 0.000
INFO: [Designutils 20-5440] No compile time benefit to using incremental synthesis; A full resynthesis will be run
INFO: [Designutils 20-4379] Flow is switching to default flow due to incremental criteria not met. If you would like to alter this behaviour and have the flow terminate instead, please set the following parameter config_implementation {autoIncr.Synth.RejectBehavior Terminate}
---------------------------------------------------------------------------------
Finished Constraint Validation : Time (s): cpu = 00:00:16 ; elapsed = 00:00:17 . Memory (MB): peak = 1483.738 ; gain = 747.477
---------------------------------------------------------------------------------
---------------------------------------------------------------------------------
Start Loading Part and Timing Information
---------------------------------------------------------------------------------
Loading part: xc7a100tcsg324-1
---------------------------------------------------------------------------------
Finished Loading Part and Timing Information : Time (s): cpu = 00:00:16 ; elapsed = 00:00:17 . Memory (MB): peak = 1483.738 ; gain = 747.477
---------------------------------------------------------------------------------
---------------------------------------------------------------------------------
Start Applying 'set_property' XDC Constraints
---------------------------------------------------------------------------------
---------------------------------------------------------------------------------
Finished applying 'set_property' XDC Constraints : Time (s): cpu = 00:00:16 ; elapsed = 00:00:17 . Memory (MB): peak = 1483.738 ; gain = 747.477
---------------------------------------------------------------------------------
INFO: [Synth 8-802] inferred FSM for state register 'current_state_reg' in module 'keypad_scanner'
INFO: [Synth 8-802] inferred FSM for state register 'current_state_reg' in module 'main_fsm'
---------------------------------------------------------------------------------------------------
                   State |                     New Encoding |                Previous Encoding 
---------------------------------------------------------------------------------------------------
              scan_col_1 |                          0000001 |                              000
              scan_col_2 |                          0000010 |                              001
              scan_col_3 |                          0000100 |                              010
              scan_col_4 |                          0001000 |                              011
          debounce_press |                          0010000 |                              100
            wait_release |                          0100000 |                              101
        debounce_release |                          1000000 |                              110
---------------------------------------------------------------------------------------------------
INFO: [Synth 8-3354] encoded FSM with state register 'current_state_reg' using encoding 'one-hot' in module 'keypad_scanner'
---------------------------------------------------------------------------------------------------
                   State |                     New Encoding |                Previous Encoding 
---------------------------------------------------------------------------------------------------
                    idle |                              000 |                              000
             setup_step1 |                              001 |                              001
             setup_step2 |                              010 |                              010
               enter_pin |                              011 |                              011
              admin_menu |                              100 |                              110
        admin_reset_user |                              101 |                              111
              access_std |                              110 |                              101
                   alarm |                              111 |                              100
---------------------------------------------------------------------------------------------------
INFO: [Synth 8-3354] encoded FSM with state register 'current_state_reg' using encoding 'sequential' in module 'main_fsm'
---------------------------------------------------------------------------------
Finished RTL Optimization Phase 2 : Time (s): cpu = 00:00:17 ; elapsed = 00:00:18 . Memory (MB): peak = 1483.738 ; gain = 747.477
---------------------------------------------------------------------------------
---------------------------------------------------------------------------------
Start RTL Component Statistics 
---------------------------------------------------------------------------------
Detailed RTL Component Info : 
+---Adders : 
	   2 Input   17 Bit       Adders := 1     
	   2 Input   15 Bit       Adders := 1     
	   2 Input    5 Bit       Adders := 1     
	   2 Input    3 Bit       Adders := 3     
	   2 Input    2 Bit       Adders := 1     
+---Registers : 
	               17 Bit    Registers := 1     
	               16 Bit    Registers := 7     
	               15 Bit    Registers := 1     
	               10 Bit    Registers := 2     
	                5 Bit    Registers := 2     
	                4 Bit    Registers := 3     
	                3 Bit    Registers := 3     
	                2 Bit    Registers := 1     
	                1 Bit    Registers := 11    
+---Muxes : 
	   2 Input   16 Bit        Muxes := 5     
	   8 Input   16 Bit        Muxes := 2     
	   2 Input   15 Bit        Muxes := 1     
	   8 Input   15 Bit        Muxes := 1     
	   9 Input    8 Bit        Muxes := 1     
	   7 Input    7 Bit        Muxes := 1     
	   5 Input    7 Bit        Muxes := 4     
	   2 Input    7 Bit        Muxes := 1     
	   2 Input    5 Bit        Muxes := 1     
	   7 Input    5 Bit        Muxes := 1     
	   2 Input    4 Bit        Muxes := 3     
	   4 Input    4 Bit        Muxes := 3     
	   7 Input    4 Bit        Muxes := 2     
	   2 Input    3 Bit        Muxes := 17    
	   4 Input    3 Bit        Muxes := 1     
	   8 Input    3 Bit        Muxes := 3     
	   2 Input    2 Bit        Muxes := 1     
	   8 Input    2 Bit        Muxes := 1     
	   2 Input    1 Bit        Muxes := 19    
	   5 Input    1 Bit        Muxes := 1     
	   7 Input    1 Bit        Muxes := 6     
	   8 Input    1 Bit        Muxes := 14    
---------------------------------------------------------------------------------
Finished RTL Component Statistics 
---------------------------------------------------------------------------------
---------------------------------------------------------------------------------
Start Part Resource Summary
---------------------------------------------------------------------------------
Part Resources:
DSPs: 240 (col length:80)
BRAMs: 270 (col length: RAMB18 80 RAMB36 40)
---------------------------------------------------------------------------------
Finished Part Resource Summary
---------------------------------------------------------------------------------
---------------------------------------------------------------------------------
Start Cross Boundary and Area Optimization
---------------------------------------------------------------------------------
WARNING: [Synth 8-3917] design top_module has port an[6] driven by constant 1
WARNING: [Synth 8-3917] design top_module has port an[5] driven by constant 1
WARNING: [Synth 8-3917] design top_module has port an[4] driven by constant 1
---------------------------------------------------------------------------------
Finished Cross Boundary and Area Optimization : Time (s): cpu = 00:00:20 ; elapsed = 00:00:22 . Memory (MB): peak = 1483.738 ; gain = 747.477
---------------------------------------------------------------------------------
---------------------------------------------------------------------------------
Start Applying XDC Timing Constraints
---------------------------------------------------------------------------------
---------------------------------------------------------------------------------
Finished Applying XDC Timing Constraints : Time (s): cpu = 00:00:26 ; elapsed = 00:00:28 . Memory (MB): peak = 1596.758 ; gain = 860.496
---------------------------------------------------------------------------------
---------------------------------------------------------------------------------
Start Timing Optimization
---------------------------------------------------------------------------------
---------------------------------------------------------------------------------
Finished Timing Optimization : Time (s): cpu = 00:00:27 ; elapsed = 00:00:29 . Memory (MB): peak = 1644.055 ; gain = 907.793
---------------------------------------------------------------------------------
---------------------------------------------------------------------------------
Start Technology Mapping
---------------------------------------------------------------------------------
---------------------------------------------------------------------------------
Finished Technology Mapping : Time (s): cpu = 00:00:27 ; elapsed = 00:00:29 . Memory (MB): peak = 1647.344 ; gain = 911.082
---------------------------------------------------------------------------------
---------------------------------------------------------------------------------
Start IO Insertion
---------------------------------------------------------------------------------
---------------------------------------------------------------------------------
Start Flattening Before IO Insertion
---------------------------------------------------------------------------------
---------------------------------------------------------------------------------
Finished Flattening Before IO Insertion
---------------------------------------------------------------------------------
---------------------------------------------------------------------------------
Start Final Netlist Cleanup
---------------------------------------------------------------------------------
---------------------------------------------------------------------------------
Finished Final Netlist Cleanup
---------------------------------------------------------------------------------
---------------------------------------------------------------------------------
Finished IO Insertion : Time (s): cpu = 00:00:31 ; elapsed = 00:00:33 . Memory (MB): peak = 1862.727 ; gain = 1126.465
---------------------------------------------------------------------------------
---------------------------------------------------------------------------------
Start Renaming Generated Instances
---------------------------------------------------------------------------------
---------------------------------------------------------------------------------
Finished Renaming Generated Instances : Time (s): cpu = 00:00:31 ; elapsed = 00:00:33 . Memory (MB): peak = 1862.727 ; gain = 1126.465
---------------------------------------------------------------------------------
---------------------------------------------------------------------------------
Start Rebuilding User Hierarchy
---------------------------------------------------------------------------------
---------------------------------------------------------------------------------
Finished Rebuilding User Hierarchy : Time (s): cpu = 00:00:31 ; elapsed = 00:00:33 . Memory (MB): peak = 1862.727 ; gain = 1126.465
---------------------------------------------------------------------------------
---------------------------------------------------------------------------------
Start Renaming Generated Ports
---------------------------------------------------------------------------------
---------------------------------------------------------------------------------
Finished Renaming Generated Ports : Time (s): cpu = 00:00:31 ; elapsed = 00:00:33 . Memory (MB): peak = 1862.727 ; gain = 1126.465
---------------------------------------------------------------------------------
---------------------------------------------------------------------------------
Start Handling Custom Attributes
---------------------------------------------------------------------------------
---------------------------------------------------------------------------------
Finished Handling Custom Attributes : Time (s): cpu = 00:00:31 ; elapsed = 00:00:33 . Memory (MB): peak = 1862.727 ; gain = 1126.465
---------------------------------------------------------------------------------
---------------------------------------------------------------------------------
Start Renaming Generated Nets
---------------------------------------------------------------------------------
---------------------------------------------------------------------------------
Finished Renaming Generated Nets : Time (s): cpu = 00:00:31 ; elapsed = 00:00:33 . Memory (MB): peak = 1862.727 ; gain = 1126.465
---------------------------------------------------------------------------------
---------------------------------------------------------------------------------
Start Writing Synthesis Report
---------------------------------------------------------------------------------

Report BlackBoxes: 
+-+--------------+----------+
| |BlackBox name |Instances |
+-+--------------+----------+
+-+--------------+----------+

Report Cell Usage: 
+------+-------+------+
|      |Cell   |Count |
+------+-------+------+
|1     |BUFG   |     1|
|2     |CARRY4 |    16|
|3     |LUT1   |     7|
|4     |LUT2   |    65|
|5     |LUT3   |    38|
|6     |LUT4   |    26|
|7     |LUT5   |    51|
|8     |LUT6   |    68|
|9     |FDCE   |   164|
|10    |FDPE   |    10|
|11    |FDRE   |    44|
|12    |IBUF   |     8|
|13    |OBUF   |    26|
+------+-------+------+
---------------------------------------------------------------------------------
Finished Writing Synthesis Report : Time (s): cpu = 00:00:31 ; elapsed = 00:00:33 . Memory (MB): peak = 1862.727 ; gain = 1126.465
---------------------------------------------------------------------------------
Synthesis finished with 0 errors, 0 critical warnings and 3 warnings.
Synthesis Optimization Runtime : Time (s): cpu = 00:00:22 ; elapsed = 00:00:31 . Memory (MB): peak = 1862.727 ; gain = 1045.566
Synthesis Optimization Complete : Time (s): cpu = 00:00:31 ; elapsed = 00:00:34 . Memory (MB): peak = 1862.727 ; gain = 1126.465
INFO: [Project 1-571] Translating synthesized netlist
Netlist sorting complete. Time (s): cpu = 00:00:00 ; elapsed = 00:00:00.005 . Memory (MB): peak = 1871.887 ; gain = 0.000
INFO: [Netlist 29-17] Analyzing 16 Unisim elements for replacement
INFO: [Netlist 29-28] Unisim Transformation completed in 0 CPU seconds
INFO: [Project 1-570] Preparing netlist for logic optimization
INFO: [Opt 31-138] Pushed 0 inverter(s) to 0 load pin(s).
Netlist sorting complete. Time (s): cpu = 00:00:00 ; elapsed = 00:00:00.001 . Memory (MB): peak = 1875.574 ; gain = 0.000
INFO: [Project 1-111] Unisim Transformation Summary:
No Unisim elements were transformed.

Synth Design complete | Checksum: 7c2164a0
INFO: [Common 17-83] Releasing license: Synthesis
45 Infos, 3 Warnings, 0 Critical Warnings and 0 Errors encountered.
synth_design completed successfully
synth_design: Time (s): cpu = 00:00:36 ; elapsed = 00:00:40 . Memory (MB): peak = 1875.574 ; gain = 1339.246
Write ShapeDB Complete: Time (s): cpu = 00:00:00 ; elapsed = 00:00:00.003 . Memory (MB): peak = 1875.574 ; gain = 0.000
INFO: [Common 17-1381] The checkpoint 'C:/Users/cioco/Documents/locker/locker.runs/synth_1/top_module.dcp' has been generated.
INFO: [Vivado 12-24828] Executing command : report_utilization -file top_module_utilization_synth.rpt -pb top_module_utilization_synth.pb
INFO: [Common 17-206] Exiting Vivado at Fri May  8 13:59:04 2026...
