Copyright 1986-2022 Xilinx, Inc. All Rights Reserved. Copyright 2022-2025 Advanced Micro Devices, Inc. All Rights Reserved.
---------------------------------------------------------------------------------------------------------------------------------------------
| Tool Version : Vivado v.2025.2 (win64) Build 6299465 Fri Nov 14 19:35:11 GMT 2025
| Date         : Thu May  7 22:25:28 2026
| Host         : yoshi running 64-bit major release  (build 9200)
| Command      : report_control_sets -verbose -file top_module_control_sets_placed.rpt
| Design       : top_module
| Device       : xc7a100t
---------------------------------------------------------------------------------------------------------------------------------------------

Control Set Information

Table of Contents
-----------------
1. Summary
2. Histogram
3. Flip-Flop Distribution
4. Detailed Control Set Information

1. Summary
----------

+----------------------------------------------------------+-------+
|                          Status                          | Count |
+----------------------------------------------------------+-------+
| Total control sets                                       |    15 |
|    Minimum number of control sets                        |    15 |
|    Addition due to synthesis replication                 |     0 |
|    Addition due to physical synthesis replication        |     0 |
| Unused register locations in slices containing registers |    35 |
+----------------------------------------------------------+-------+
* Control sets can be merged at opt_design using control_set_merge or merge_equivalent_drivers
** Run report_qor_suggestions for automated merging and remapping suggestions


2. Histogram
------------

+--------------------+-------+
|       Fanout       | Count |
+--------------------+-------+
| Total control sets |    15 |
| >= 0 to < 4        |     2 |
| >= 4 to < 6        |     3 |
| >= 6 to < 8        |     0 |
| >= 8 to < 10       |     0 |
| >= 10 to < 12      |     0 |
| >= 12 to < 14      |     0 |
| >= 14 to < 16      |     1 |
| >= 16              |     9 |
+--------------------+-------+
* Control sets can be remapped at either synth_design or opt_design


3. Flip-Flop Distribution
-------------------------

+--------------+-----------------------+------------------------+-----------------+--------------+
| Clock Enable | Synchronous Set/Reset | Asynchronous Set/Reset | Total Registers | Total Slices |
+--------------+-----------------------+------------------------+-----------------+--------------+
| No           | No                    | No                     |               4 |            2 |
| No           | No                    | Yes                    |              36 |           12 |
| No           | Yes                   | No                     |               0 |            0 |
| Yes          | No                    | No                     |              21 |            6 |
| Yes          | No                    | Yes                    |             129 |           41 |
| Yes          | Yes                   | No                     |              15 |            5 |
+--------------+-----------------------+------------------------+-----------------+--------------+


4. Detailed Control Set Information
-----------------------------------

+-----------------------+--------------------------------------+--------------------------------------+------------------+----------------+--------------+
|      Clock Signal     |             Enable Signal            |           Set/Reset Signal           | Slice Load Count | Bel Load Count | Bels / Slice |
+-----------------------+--------------------------------------+--------------------------------------+------------------+----------------+--------------+
|  clk_100MHz_IBUF_BUFG | Inst_FSM/led_alarm_i_1_n_0           | reset_IBUF                           |                1 |              1 |         1.00 |
|  clk_100MHz_IBUF_BUFG | Inst_FSM/led_access_i_1_n_0          | reset_IBUF                           |                1 |              1 |         1.00 |
|  clk_100MHz_IBUF_BUFG |                                      |                                      |                2 |              4 |         2.00 |
|  clk_100MHz_IBUF_BUFG | Inst_Clock_Divider/E[0]              | reset_IBUF                           |                2 |              4 |         2.00 |
|  clk_100MHz_IBUF_BUFG | Inst_FSM/p_0_in_4                    |                                      |                2 |              5 |         2.50 |
|  clk_100MHz_IBUF_BUFG | Inst_FSM/timeout_counter[14]_i_2_n_0 | Inst_FSM/timeout_counter[14]_i_1_n_0 |                5 |             15 |         3.00 |
|  clk_100MHz_IBUF_BUFG | Inst_FSM/current_input[15]_i_1_n_0   | reset_IBUF                           |                5 |             16 |         3.20 |
|  clk_100MHz_IBUF_BUFG | Inst_FSM/setup_memory0               |                                      |                4 |             16 |         4.00 |
|  clk_100MHz_IBUF_BUFG | Inst_FSM/user_pins[0][15]_i_1_n_0    | reset_IBUF                           |                5 |             16 |         3.20 |
|  clk_100MHz_IBUF_BUFG | Inst_FSM/user_pins[4]_0[0]           | reset_IBUF                           |                6 |             16 |         2.67 |
|  clk_100MHz_IBUF_BUFG | Inst_FSM/user_pins[1]_3[0]           | reset_IBUF                           |                3 |             16 |         5.33 |
|  clk_100MHz_IBUF_BUFG | Inst_FSM/user_pins[3]_1[0]           | reset_IBUF                           |                4 |             16 |         4.00 |
|  clk_100MHz_IBUF_BUFG | Inst_FSM/user_pins[2]_2[0]           | reset_IBUF                           |                3 |             16 |         5.33 |
|  clk_100MHz_IBUF_BUFG | Inst_Clock_Divider/w_1kHz_tick       | reset_IBUF                           |               11 |             27 |         2.45 |
|  clk_100MHz_IBUF_BUFG |                                      | reset_IBUF                           |               12 |             36 |         3.00 |
+-----------------------+--------------------------------------+--------------------------------------+------------------+----------------+--------------+


